# JRE version: Java(TM) SE Runtime Environment (8.0_251-b08) (build 1.8.0_251-b08)
# Java VM: Java HotSpot(TM) 64-Bit Server VM (25.251-b08 mixed mode windows-amd64 compressed oops)
Heap:
 PSYoungGen      total 139776K, used 33220K [0x00000000f5580000, 0x00000000ffd80000, 0x0000000100000000)
  eden space 107008K, 28% used [0x00000000f5580000,0x00000000f731d190,0x00000000fbe00000)
  from space 32768K, 8% used [0x00000000fbe00000,0x00000000fc0d4020,0x00000000fde00000)
  to   space 31744K, 0% used [0x00000000fde80000,0x00000000fde80000,0x00000000ffd80000)
 ParOldGen       total 207872K, used 100304K [0x00000000e0000000, 0x00000000ecb00000, 0x00000000f5580000)
  object space 207872K, 48% used [0x00000000e0000000,0x00000000e61f4318,0x00000000ecb00000)
 Metaspace       used 71498K, capacity 75442K, committed 75608K, reserved 1114112K
  class space    used 9214K, capacity 10009K, committed 10112K, reserved 1048576K
GC Heap History (10 events):
Event: 1223.682 GC heap after
Heap after GC invocations=35 (full 3):
 PSYoungGen      total 136704K, used 6240K [0x00000000f5580000, 0x0000000100000000, 0x0000000100000000)
  eden space 99328K, 0% used [0x00000000f5580000,0x00000000f5580000,0x00000000fb680000)
  from space 37376K, 16% used [0x00000000fda00000,0x00000000fe018010,0x00000000ffe80000)
  to   space 36352K, 0% used [0x00000000fb680000,0x00000000fb680000,0x00000000fda00000)
 ParOldGen       total 207872K, used 98521K [0x00000000e0000000, 0x00000000ecb00000, 0x00000000f5580000)
  object space 207872K, 47% used [0x00000000e0000000,0x00000000e6036430,0x00000000ecb00000)
 Metaspace       used 71440K, capacity 75404K, committed 75608K, reserved 1114112K
  class space    used 9205K, capacity 9999K, committed 10112K, reserved 1048576K
}
Event: 1223.906 GC heap before
{Heap before GC invocations=36 (full 3):
 PSYoungGen      total 136704K, used 105568K [0x00000000f5580000, 0x0000000100000000, 0x0000000100000000)
  eden space 99328K, 100% used [0x00000000f5580000,0x00000000fb680000,0x00000000fb680000)
  from space 37376K, 16% used [0x00000000fda00000,0x00000000fe018010,0x00000000ffe80000)
  to   space 36352K, 0% used [0x00000000fb680000,0x00000000fb680000,0x00000000fda00000)
 ParOldGen       total 207872K, used 98521K [0x00000000e0000000, 0x00000000ecb00000, 0x00000000f5580000)
  object space 207872K, 47% used [0x00000000e0000000,0x00000000e6036430,0x00000000ecb00000)
 Metaspace       used 71444K, capacity 75404K, committed 75608K, reserved 1114112K
  class space    used 9205K, capacity 9999K, committed 10112K, reserved 1048576K
Event: 1223.911 GC heap after
Heap after GC invocations=36 (full 3):
 PSYoungGen      total 135680K, used 7136K [0x00000000f5580000, 0x00000000ffd00000, 0x0000000100000000)
  eden space 99328K, 0% used [0x00000000f5580000,0x00000000f5580000,0x00000000fb680000)
  from space 36352K, 19% used [0x00000000fb680000,0x00000000fbd78010,0x00000000fda00000)
  to   space 35328K, 0% used [0x00000000fda80000,0x00000000fda80000,0x00000000ffd00000)
 ParOldGen       total 207872K, used 98521K [0x00000000e0000000, 0x00000000ecb00000, 0x00000000f5580000)
  object space 207872K, 47% used [0x00000000e0000000,0x00000000e6036430,0x00000000ecb00000)
 Metaspace       used 71444K, capacity 75404K, committed 75608K, reserved 1114112K
  class space    used 9205K, capacity 9999K, committed 10112K, reserved 1048576K
}
Event: 1224.077 GC heap before
{Heap before GC invocations=37 (full 3):
 PSYoungGen      total 135680K, used 106464K [0x00000000f5580000, 0x00000000ffd00000, 0x0000000100000000)
  eden space 99328K, 100% used [0x00000000f5580000,0x00000000fb680000,0x00000000fb680000)
  from space 36352K, 19% used [0x00000000fb680000,0x00000000fbd78010,0x00000000fda00000)
  to   space 35328K, 0% used [0x00000000fda80000,0x00000000fda80000,0x00000000ffd00000)
 ParOldGen       total 207872K, used 98521K [0x00000000e0000000, 0x00000000ecb00000, 0x00000000f5580000)
  object space 207872K, 47% used [0x00000000e0000000,0x00000000e6036430,0x00000000ecb00000)
 Metaspace       used 71446K, capacity 75404K, committed 75608K, reserved 1114112K
  class space    used 9205K, capacity 9999K, committed 10112K, reserved 1048576K
Event: 1224.082 GC heap after
Heap after GC invocations=37 (full 3):
 PSYoungGen      total 136704K, used 6400K [0x00000000f5580000, 0x00000000ffc00000, 0x0000000100000000)
  eden space 102400K, 0% used [0x00000000f5580000,0x00000000f5580000,0x00000000fb980000)
  from space 34304K, 18% used [0x00000000fda80000,0x00000000fe0c0010,0x00000000ffc00000)
  to   space 33792K, 0% used [0x00000000fb980000,0x00000000fb980000,0x00000000fda80000)
 ParOldGen       total 207872K, used 100067K [0x00000000e0000000, 0x00000000ecb00000, 0x00000000f5580000)
  object space 207872K, 48% used [0x00000000e0000000,0x00000000e61b8f08,0x00000000ecb00000)
 Metaspace       used 71446K, capacity 75404K, committed 75608K, reserved 1114112K
  class space    used 9205K, capacity 9999K, committed 10112K, reserved 1048576K
}
Event: 1224.614 GC heap before
{Heap before GC invocations=38 (full 3):
 PSYoungGen      total 136704K, used 108800K [0x00000000f5580000, 0x00000000ffc00000, 0x0000000100000000)
  eden space 102400K, 100% used [0x00000000f5580000,0x00000000fb980000,0x00000000fb980000)
  from space 34304K, 18% used [0x00000000fda80000,0x00000000fe0c0010,0x00000000ffc00000)
  to   space 33792K, 0% used [0x00000000fb980000,0x00000000fb980000,0x00000000fda80000)
 ParOldGen       total 207872K, used 100067K [0x00000000e0000000, 0x00000000ecb00000, 0x00000000f5580000)
  object space 207872K, 48% used [0x00000000e0000000,0x00000000e61b8f08,0x00000000ecb00000)
 Metaspace       used 71490K, capacity 75442K, committed 75608K, reserved 1114112K
  class space    used 9214K, capacity 10009K, committed 10112K, reserved 1048576K
Event: 1224.618 GC heap after
Heap after GC invocations=38 (full 3):
 PSYoungGen      total 136192K, used 1629K [0x00000000f5580000, 0x00000000ffe80000, 0x0000000100000000)
  eden space 102400K, 0% used [0x00000000f5580000,0x00000000f5580000,0x00000000fb980000)
  from space 33792K, 4% used [0x00000000fb980000,0x00000000fbb17520,0x00000000fda80000)
  to   space 33280K, 0% used [0x00000000fde00000,0x00000000fde00000,0x00000000ffe80000)
 ParOldGen       total 207872K, used 100155K [0x00000000e0000000, 0x00000000ecb00000, 0x00000000f5580000)
  object space 207872K, 48% used [0x00000000e0000000,0x00000000e61cef08,0x00000000ecb00000)
 Metaspace       used 71490K, capacity 75442K, committed 75608K, reserved 1114112K
  class space    used 9214K, capacity 10009K, committed 10112K, reserved 1048576K
}
Event: 1224.716 GC heap before
{Heap before GC invocations=39 (full 3):
 PSYoungGen      total 136192K, used 104029K [0x00000000f5580000, 0x00000000ffe80000, 0x0000000100000000)
  eden space 102400K, 100% used [0x00000000f5580000,0x00000000fb980000,0x00000000fb980000)
  from space 33792K, 4% used [0x00000000fb980000,0x00000000fbb17520,0x00000000fda80000)
  to   space 33280K, 0% used [0x00000000fde00000,0x00000000fde00000,0x00000000ffe80000)
 ParOldGen       total 207872K, used 100187K [0x00000000e0000000, 0x00000000ecb00000, 0x00000000f5580000)
  object space 207872K, 48% used [0x00000000e0000000,0x00000000e61d6dd8,0x00000000ecb00000)
 Metaspace       used 71493K, capacity 75442K, committed 75608K, reserved 1114112K
  class space    used 9214K, capacity 10009K, committed 10112K, reserved 1048576K
Event: 1224.721 GC heap after
Heap after GC invocations=39 (full 3):
 PSYoungGen      total 140288K, used 1984K [0x00000000f5580000, 0x00000000ffe80000, 0x0000000100000000)
  eden space 107008K, 0% used [0x00000000f5580000,0x00000000f5580000,0x00000000fbe00000)
  from space 33280K, 5% used [0x00000000fde00000,0x00000000fdff0010,0x00000000ffe80000)
  to   space 32768K, 0% used [0x00000000fbe00000,0x00000000fbe00000,0x00000000fde00000)
 ParOldGen       total 207872K, used 100227K [0x00000000e0000000, 0x00000000ecb00000, 0x00000000f5580000)
  object space 207872K, 48% used [0x00000000e0000000,0x00000000e61e0dd8,0x00000000ecb00000)
 Metaspace       used 71493K, capacity 75442K, committed 75608K, reserved 1114112K
  class space    used 9214K, capacity 10009K, committed 10112K, reserved 1048576K
}
Event: 1224.839 GC heap before
{Heap before GC invocations=40 (full 3):
 PSYoungGen      total 140288K, used 108992K [0x00000000f5580000, 0x00000000ffe80000, 0x0000000100000000)
  eden space 107008K, 100% used [0x00000000f5580000,0x00000000fbe00000,0x00000000fbe00000)
  from space 33280K, 5% used [0x00000000fde00000,0x00000000fdff0010,0x00000000ffe80000)
  to   space 32768K, 0% used [0x00000000fbe00000,0x00000000fbe00000,0x00000000fde00000)
 ParOldGen       total 207872K, used 100240K [0x00000000e0000000, 0x00000000ecb00000, 0x00000000f5580000)
  object space 207872K, 48% used [0x00000000e0000000,0x00000000e61e4318,0x00000000ecb00000)
 Metaspace       used 71498K, capacity 75442K, committed 75608K, reserved 1114112K
  class space    used 9214K, capacity 10009K, committed 10112K, reserved 1048576K

